<?xml version="1.0" encoding="UTF-8"?>
<testng-results ignored="0" total="1" passed="1" failed="0" skipped="0">
  <reporter-output>
  </reporter-output>
  <suite started-at="2024-09-13T10:30:24 IST" name="Default suite" finished-at="2024-09-13T10:30:27 IST" duration-ms="2245">
    <groups>
    </groups>
    <test started-at="2024-09-13T10:30:24 IST" name="Default test" finished-at="2024-09-13T10:30:27 IST" duration-ms="2245">
      <class name="basicPrograms.prgm2">
        <test-method signature="jsonValidation()[pri:0, instance:basicPrograms.prgm2@12468a38]" started-at="2024-09-13T10:30:25 IST" name="jsonValidation" finished-at="2024-09-13T10:30:27 IST" duration-ms="2143" status="PASS">
          <reporter-output>
          </reporter-output>
        </test-method> <!-- jsonValidation -->
      </class> <!-- basicPrograms.prgm2 -->
    </test> <!-- Default test -->
  </suite> <!-- Default suite -->
</testng-results>
